1618064537430:test
1618064539349:help
1618064752219:l
1618064754555:help
1618064756130:p
1618064770323:stacktrace
1618064951114:l
1618064953737:p
1618064986201:exit
1618066015896:l
1618066022007:help
1618066029422:get all
1618066054911:l
1618066056694:get all
1618066159223:shell
1618066161334:exit
1618067520114:help
1618067527800:inser test
1618067535552:stacktrace
1618067553193:insert test
1618067567848:insert author
1618067571657:exit
1618070359927:login me
1618070365646:get all
1618070370613:exit
1618073699305:login alex
1618073702589:help
1618073707341:get all
1618073763246:login me
1618073765789:get all
1618073846221:help
1618073851996:add genre
1618615962050:g
1618615963286:l
1618615966414:help
1618615971447:get all
1618616045006:l
1618616047589:get all
1618616928649:l
1618616930838:get all
1618616961823:l
1618616963713:get all
1618617000142:l
1618617001758:get all
1618617153068:l
1618617154413:get all
1618617807480:l
1618617808886:get all
1618618014622:l
1618618016012:get all
1618690364379:l
1618690366166:get all
1618690421478:l
1618690423046:get all
1618690546899:l
1618690548572:get all
1618692323287:l
1618692324630:get all
1618693190544:l
1618693192900:get all
1618693372960:l
1618693374174:get all
1618693440551:l
1618693441757:get all
1618697214658:help
1618697222025:get all
1618697247402:get all author
1618697317864:get all book
1618697698588:get all genre
1618697715085:get all author
1618699001231:help
1618699003419:get
1618699006535:get author
1618699010494:get all
1618699013395:get all author
1618699021916:get author 0
1618699074771:get book
1618699079594:get author 1
1618699090206:stacktrace
1618699125235:get book 100
1618699138242:stacktrace
1618699388305:get author 100
1618700128947:help
1618700132026:get
1618700137636:get author
1618700141932:get author 0
1618700155130:get all author
1618700163426:get all books
1618700169314:get all book
1618700182146:addbook
1618700196786:addbook justiceandpunishment
1618700212820:addbook justiceandpunishment 1 100
1618700243362:addbook justiceandpunishmetn 0 2
1618700251289:get all book
1618700266352:get author 0
1618700288770:exit
1618700578328:help
1618700588473:show all book
1618700603409:updatebook 2 null null 1
1618701312618:updatebook
1618701342105:updatebook 2
1618701403552:get all book
1618701432874:updatebook 2
1618701491709:update book --id=2 --title=testtitle
1618701620685:updatebook --id 2 --title nexbooktitile --authorId 0 --genreId 0
1618701627615:show all book
1618701672624:get all book
1618701680065:updatebook --id 2 --title nexbooktitile --authorId 0 --genreId 0
1618701709152:updatebook 2 --title nexbooktitile --authorId 0 --genreId 0
1618701748569:updatebook --id 2 --title nexbooktitile --authorId 0 --genreId 0
1618701766455:get all book
1618701798782:updatebook --id 2 --genreId 0
1618701806270:show all book
1618709173590:get
1618709178925:help
1618709188637:get nook 0
1618709194212:get all book
1618709216980:deletebook
1618709222164:deletebook 6
1618709242557:get all book
1618709251532:help
1618709254884:addbook
1618709262468:addbook silmarion
1618709272708:addbook silmarion 2 2
1618709281676:get book 8
1618709292926:exit
1618709417244:get all author
1618709435332:add book silmarion 1 3
1618709444923:addbook silmarion 1 3
1618709450522:get all author
1618709465146:exit
